<?xml version="1.0" encoding="UTF-8"?>
<!-- Generated by org.testng.reporters.JUnitReportReporter -->
<testsuite hostname="ATMECSINLT-601" failures="0" tests="1" name="com.atmecs.api_authentication.test.UpdateRecord" time="5.091" errors="0" timestamp="2020-11-12T16:06:58 IST" skipped="0">
  <testcase classname="com.atmecs.api_authentication.test.UpdateRecord" name="updateUser" time="5.091"/>
  <system-out/>
</testsuite> <!-- com.atmecs.api_authentication.test.UpdateRecord -->
