<?xml version="1.0" encoding="UTF-8"?>
<!-- Generated by org.testng.reporters.JUnitReportReporter -->
<testsuite hostname="ATMECSINLT-601" failures="0" tests="1" name="com.atmecs.api_authentication.test.PatchRecord" time="4.461" errors="0" timestamp="2020-11-11T15:16:35 IST" skipped="0">
  <testcase classname="com.atmecs.api_authentication.test.PatchRecord" name="updateUser" time="4.461"/>
  <system-out/>
</testsuite> <!-- com.atmecs.api_authentication.test.PatchRecord -->
