<?xml version="1.0" encoding="UTF-8"?>
<!-- Generated by org.testng.reporters.JUnitReportReporter -->
<testsuite hostname="ATMECSINLT-601" failures="0" tests="1" name="com.atmecs.api_authentication.test.GetRecords" time="3.549" errors="0" timestamp="2020-11-11T15:06:21 IST" skipped="0">
  <testcase classname="com.atmecs.api_authentication.test.GetRecords" name="getApiAuth" time="3.549"/>
  <system-out/>
</testsuite> <!-- com.atmecs.api_authentication.test.GetRecords -->
