<?xml version="1.0" encoding="UTF-8"?>
<!-- Generated by org.testng.reporters.JUnitReportReporter -->
<testsuite hostname="ATMECSINLT-601" failures="0" tests="1" name="com.atmecs.api_authentication.test.GetApi" time="3.471" errors="0" timestamp="2020-11-10T16:20:53 IST" skipped="0">
  <testcase classname="com.atmecs.api_authentication.test.GetApi" name="getApiAuth" time="3.471"/>
  <system-out/>
</testsuite> <!-- com.atmecs.api_authentication.test.GetApi -->
