<?xml version="1.0" encoding="UTF-8"?>
<!-- Generated by org.testng.reporters.JUnitReportReporter -->
<testsuite hostname="ATMECSINLT-601" failures="0" tests="1" name="com.atmecs.api_authentication.test.GetApi" time="3.889" errors="0" timestamp="2020-11-10T19:25:50 IST" skipped="0">
  <testcase classname="com.atmecs.api_authentication.test.GetApi" name="getApiAuth" time="3.889"/>
  <system-out/>
</testsuite> <!-- com.atmecs.api_authentication.test.GetApi -->
