<?xml version="1.0" encoding="UTF-8"?>
<!-- Generated by org.testng.reporters.JUnitReportReporter -->
<testsuite hostname="ATMECSINLT-601" failures="0" tests="1" name="com.atmecs.api_authentication.test.UpdateRecord" time="4.426" errors="0" timestamp="2020-11-11T15:05:19 IST" skipped="0">
  <testcase classname="com.atmecs.api_authentication.test.UpdateRecord" name="updateUser" time="4.426"/>
  <system-out/>
</testsuite> <!-- com.atmecs.api_authentication.test.UpdateRecord -->
