<?xml version="1.0" encoding="UTF-8"?>
<!-- Generated by org.testng.reporters.JUnitReportReporter -->
<testsuite hostname="ATMECSINLT-601" failures="0" tests="1" name="com.atmecs.api_authentication.test.CreateRecord" time="4.255" errors="0" timestamp="2020-11-11T15:07:46 IST" skipped="0">
  <testcase classname="com.atmecs.api_authentication.test.CreateRecord" name="createRecord" time="4.255"/>
  <system-out/>
</testsuite> <!-- com.atmecs.api_authentication.test.CreateRecord -->
