<?xml version="1.0" encoding="UTF-8"?>
<!-- Generated by org.testng.reporters.JUnitReportReporter -->
<testsuite hostname="ATMECSINLT-601" failures="0" tests="1" name="api_authentication.GetApi" time="3.195" errors="0" timestamp="2020-11-10T16:11:13 IST" skipped="0">
  <testcase classname="api_authentication.GetApi" name="getApiAuth" time="3.195"/>
  <system-out/>
</testsuite> <!-- api_authentication.GetApi -->
