<?xml version="1.0" encoding="UTF-8"?>
<!-- Generated by org.testng.reporters.JUnitReportReporter -->
<testsuite hostname="ATMECSINLT-601" failures="0" tests="1" name="com.atmecs.api_authentication.test.GetRecords" time="1.578" errors="0" timestamp="2020-11-12T16:01:06 IST" skipped="0">
  <testcase classname="com.atmecs.api_authentication.test.GetRecords" name="getApiAuth" time="1.578"/>
  <system-out/>
</testsuite> <!-- com.atmecs.api_authentication.test.GetRecords -->
